<?xml version="1.0" encoding="UTF-8"?>
<!-- Generated by org.testng.reporters.JUnitReportReporter -->
<testsuite hostname="mds-MacBook-Pro.fios-router.home" failures="0" tests="7" name="com.bullish.apiTest.test.AllRequest" time="0.836" errors="0" timestamp="19 Dec 2022 00:33:44 GMT" skipped="0">
  <testcase classname="com.bullish.apiTest.test.AllRequest" name="PostStudent" time="0.630"/>
  <testcase classname="com.bullish.apiTest.test.AllRequest" name="PutStudent" time="0.044"/>
  <testcase classname="com.bullish.apiTest.test.AllRequest" name="fetchBulkStudent" time="0.040"/>
  <testcase classname="com.bullish.apiTest.test.AllRequest" name="fetchStudentByClass" time="0.040"/>
  <testcase classname="com.bullish.apiTest.test.AllRequest" name="fetchStudentByID" time="0.014"/>
  <testcase classname="com.bullish.apiTest.test.AllRequest" name="fetchStudentByIDClass" time="0.033"/>
  <testcase classname="com.bullish.apiTest.test.AllRequest" name="deleteStudent" time="0.035"/>
</testsuite> <!-- com.bullish.apiTest.test.AllRequest -->
